2023-12-17 23:12:587 INFO  HomePage :34 - Click on computer menu[[ChromeDriver: chrome on windows (c22e2691a14d73f4745870f5a8df07ff)] -> xpath: //ul[1]/li/a[text()='Computers ']]
2023-12-17 23:12:47 INFO  ComputersPage :18 - Click on desktops[[ChromeDriver: chrome on windows (c22e2691a14d73f4745870f5a8df07ff)] -> xpath: //img[@alt='Picture for category Desktops']]
2023-12-17 23:12:393 INFO  DesktopsPage :26 - Select sort Z to A[[ChromeDriver: chrome on windows (c22e2691a14d73f4745870f5a8df07ff)] -> name: products-orderby]
2023-12-17 23:12:618 INFO  HomePage :34 - Click on computer menu[[ChromeDriver: chrome on windows (630ad0f14493e7eb2a368c75af323c86)] -> xpath: //ul[1]/li/a[text()='Computers ']]
2023-12-17 23:12:18 INFO  ComputersPage :18 - Click on desktops[[ChromeDriver: chrome on windows (630ad0f14493e7eb2a368c75af323c86)] -> xpath: //img[@alt='Picture for category Desktops']]
2023-12-17 23:12:409 INFO  DesktopsPage :31 - Select sort A to Z[[ChromeDriver: chrome on windows (630ad0f14493e7eb2a368c75af323c86)] -> name: products-orderby]
2023-12-17 23:12:542 INFO  DesktopsPage :36 - CLick on add to cart button[[ChromeDriver: chrome on windows (630ad0f14493e7eb2a368c75af323c86)] -> xpath: //body/div[6]/div[3]/div[1]/div[3]/div[1]/div[2]/div[2]/div[2]/div[1]/div[1]/div[1]/div[1]/div[2]/div[3]/div[2]/button[1]]
2023-12-17 23:12:267 INFO  BuildYourOwnComputerPage :58 - Get build your own computer text[[ChromeDriver: chrome on windows (630ad0f14493e7eb2a368c75af323c86)] -> xpath: //h1[text()='Build your own computer']]
2023-12-17 23:12:303 INFO  BuildYourOwnComputerPage :63 - Select processor[[ChromeDriver: chrome on windows (630ad0f14493e7eb2a368c75af323c86)] -> name: product_attribute_1]
2023-12-17 23:12:398 INFO  BuildYourOwnComputerPage :68 - Select ram[[ChromeDriver: chrome on windows (630ad0f14493e7eb2a368c75af323c86)] -> name: product_attribute_2]
2023-12-17 23:12:486 INFO  BuildYourOwnComputerPage :73 - Select hdd[[ChromeDriver: chrome on windows (630ad0f14493e7eb2a368c75af323c86)] -> id: product_attribute_3_7]
2023-12-17 23:12:552 INFO  BuildYourOwnComputerPage :78 - Select vista premium Os[[ChromeDriver: chrome on windows (630ad0f14493e7eb2a368c75af323c86)] -> id: product_attribute_4_9]
2023-12-17 23:12:636 INFO  BuildYourOwnComputerPage :83 - Click on total command[[ChromeDriver: chrome on windows (630ad0f14493e7eb2a368c75af323c86)] -> id: product_attribute_5_12]
2023-12-17 23:12:717 INFO  BuildYourOwnComputerPage :88 - Get price[[ChromeDriver: chrome on windows (630ad0f14493e7eb2a368c75af323c86)] -> id: price-value-1]
2023-12-17 23:12:740 INFO  BuildYourOwnComputerPage :93 - Click on add to cart[[ChromeDriver: chrome on windows (630ad0f14493e7eb2a368c75af323c86)] -> id: add-to-cart-button-1]
2023-12-17 23:12:65 INFO  BuildYourOwnComputerPage :98 - Get product added text[[ChromeDriver: chrome on windows (630ad0f14493e7eb2a368c75af323c86)] -> xpath: //body/div[@id='bar-notification']/div[1]/p[1]]
2023-12-17 23:12:94 INFO  BuildYourOwnComputerPage :103 - Click on close button[[ChromeDriver: chrome on windows (630ad0f14493e7eb2a368c75af323c86)] -> xpath: //span[@class='close']]
2023-12-17 23:12:147 INFO  BuildYourOwnComputerPage :108 - Mouse hover on shopping cart[[ChromeDriver: chrome on windows (630ad0f14493e7eb2a368c75af323c86)] -> xpath: //span[@class='cart-label']]
2023-12-17 23:12:325 INFO  BuildYourOwnComputerPage :113 - Click on go to cart button[[ChromeDriver: chrome on windows (630ad0f14493e7eb2a368c75af323c86)] -> xpath: //button[contains(text(),'Go to cart')]]
2023-12-17 23:12:773 INFO  CartPage :72 - Get shopping cart text[[ChromeDriver: chrome on windows (630ad0f14493e7eb2a368c75af323c86)] -> xpath: //h1[text()='Shopping cart']]
2023-12-17 23:12:792 INFO  CartPage :77 - Change quantity[[ChromeDriver: chrome on windows (630ad0f14493e7eb2a368c75af323c86)] -> xpath: //input[@value='1']]
2023-12-17 23:12:904 INFO  CartPage :83 - Click on update cart[[ChromeDriver: chrome on windows (630ad0f14493e7eb2a368c75af323c86)] -> id: updatecart]
2023-12-17 23:12:382 INFO  CartPage :88 - Get total[[ChromeDriver: chrome on windows (630ad0f14493e7eb2a368c75af323c86)] -> xpath: //tbody/tr[1]/td[6]/span[1]]
2023-12-17 23:12:415 INFO  CartPage :93 - Click on check box[[ChromeDriver: chrome on windows (630ad0f14493e7eb2a368c75af323c86)] -> xpath: //input[@id='termsofservice']]
2023-12-17 23:12:484 INFO  CartPage :98 - Click on checkout button[[ChromeDriver: chrome on windows (630ad0f14493e7eb2a368c75af323c86)] -> xpath: //button[@id='checkout']]
2023-12-17 23:12:160 INFO  CartPage :103 - Get welcome text[[ChromeDriver: chrome on windows (630ad0f14493e7eb2a368c75af323c86)] -> xpath: //h1[text()='Welcome, Please Sign In!']]
2023-12-17 23:12:185 INFO  CartPage :108 - Click on checkout as guest[[ChromeDriver: chrome on windows (630ad0f14493e7eb2a368c75af323c86)] -> xpath: //button[@class='button-1 checkout-as-guest-button']]
2023-12-17 23:12:670 INFO  CheckoutPage :83 - Enter first name[[ChromeDriver: chrome on windows (630ad0f14493e7eb2a368c75af323c86)] -> id: BillingNewAddress_FirstName]
2023-12-17 23:12:857 INFO  CheckoutPage :85 - Enter last name[[ChromeDriver: chrome on windows (630ad0f14493e7eb2a368c75af323c86)] -> id: BillingNewAddress_LastName]
2023-12-17 23:12:922 INFO  CheckoutPage :87 - Enter email id[[ChromeDriver: chrome on windows (630ad0f14493e7eb2a368c75af323c86)] -> id: BillingNewAddress_Email]
2023-12-17 23:12:41 INFO  CheckoutPage :89 - Select country[[ChromeDriver: chrome on windows (630ad0f14493e7eb2a368c75af323c86)] -> id: BillingNewAddress_CountryId]
2023-12-17 23:12:110 INFO  CheckoutPage :91 - Select city[[ChromeDriver: chrome on windows (630ad0f14493e7eb2a368c75af323c86)] -> id: BillingNewAddress_City]
2023-12-17 23:12:181 INFO  CheckoutPage :93 - Enter address[[ChromeDriver: chrome on windows (630ad0f14493e7eb2a368c75af323c86)] -> id: BillingNewAddress_Address1]
2023-12-17 23:12:264 INFO  CheckoutPage :95 - Enter postcode[[ChromeDriver: chrome on windows (630ad0f14493e7eb2a368c75af323c86)] -> id: BillingNewAddress_ZipPostalCode]
2023-12-17 23:12:326 INFO  CheckoutPage :97 - Enter phone number[[ChromeDriver: chrome on windows (630ad0f14493e7eb2a368c75af323c86)] -> id: BillingNewAddress_PhoneNumber]
2023-12-17 23:12:420 INFO  CheckoutPage :99 - Click on continue button[[ChromeDriver: chrome on windows (630ad0f14493e7eb2a368c75af323c86)] -> name: save]
2023-12-17 23:12:731 INFO  CheckoutPage :104 - Click on next day button[[ChromeDriver: chrome on windows (630ad0f14493e7eb2a368c75af323c86)] -> xpath: //input[@value='Next Day Air___Shipping.FixedByWeightByTotal']]
2023-12-17 23:12:780 INFO  CheckoutPage :109 - Click on continue[[ChromeDriver: chrome on windows (630ad0f14493e7eb2a368c75af323c86)] -> xpath: //button[@class='button-1 shipping-method-next-step-button']]
2023-12-17 23:12:65 INFO  PaymentPage :43 - CLick on credit card radio button[[ChromeDriver: chrome on windows (630ad0f14493e7eb2a368c75af323c86)] -> id: paymentmethod_1]
2023-12-17 23:12:135 INFO  PaymentPage :48 - Click on continue[[ChromeDriver: chrome on windows (630ad0f14493e7eb2a368c75af323c86)] -> xpath: //li[4]/div[2]/div[1]/button[1]]
2023-12-17 23:12:427 INFO  PaymentPage :53 - Select master card[[ChromeDriver: chrome on windows (630ad0f14493e7eb2a368c75af323c86)] -> id: CreditCardType]
2023-12-17 23:12:513 INFO  PaymentPage :58 - Enter card holder name[[ChromeDriver: chrome on windows (630ad0f14493e7eb2a368c75af323c86)] -> id: CardholderName]
2023-12-17 23:12:657 INFO  PaymentPage :60 - Enter card number[[ChromeDriver: chrome on windows (630ad0f14493e7eb2a368c75af323c86)] -> id: CardNumber]
2023-12-17 23:12:763 INFO  PaymentPage :62 - Select expire month[[ChromeDriver: chrome on windows (630ad0f14493e7eb2a368c75af323c86)] -> id: ExpireMonth]
2023-12-17 23:12:827 INFO  PaymentPage :64 - Select expire year[[ChromeDriver: chrome on windows (630ad0f14493e7eb2a368c75af323c86)] -> id: ExpireYear]
2023-12-17 23:12:898 INFO  PaymentPage :66 - Enter card code[[ChromeDriver: chrome on windows (630ad0f14493e7eb2a368c75af323c86)] -> id: CardCode]
2023-12-17 23:12:959 INFO  PaymentPage :68 - Click on continue button[[ChromeDriver: chrome on windows (630ad0f14493e7eb2a368c75af323c86)] -> xpath: //li[5]/div[2]/div[1]/button[1]]
2023-12-17 23:12:204 INFO  ConfirmOrderPage :56 - Get credit card text[[ChromeDriver: chrome on windows (630ad0f14493e7eb2a368c75af323c86)] -> xpath: //span[contains(text(),'Credit Card')]]
2023-12-17 23:12:228 INFO  ConfirmOrderPage :61 - Get next day air text[[ChromeDriver: chrome on windows (630ad0f14493e7eb2a368c75af323c86)] -> xpath: //body/div[6]/div[3]/div[1]/div[1]/div[1]/div[2]/ol[1]/li[6]/div[2]/div[1]/div[1]/div[1]/div[1]/div[1]/div[2]/div[2]/ul[1]/li[1]/span[2]]
2023-12-17 23:12:249 INFO  ConfirmOrderPage :66 - Click on confirm button[[ChromeDriver: chrome on windows (630ad0f14493e7eb2a368c75af323c86)] -> xpath: //button[contains(text(),'Confirm')]]
2023-12-17 23:12:874 INFO  ConfirmOrderPage :71 - Get thank you text[[ChromeDriver: chrome on windows (630ad0f14493e7eb2a368c75af323c86)] -> xpath: //h1[contains(text(),'Thank you')]]
2023-12-17 23:12:908 INFO  ConfirmOrderPage :76 - Get success message[[ChromeDriver: chrome on windows (630ad0f14493e7eb2a368c75af323c86)] -> xpath: //strong[contains(text(),'Your order has been successfully processed!')]]
2023-12-17 23:12:925 INFO  ConfirmOrderPage :81 - Click on continue button[[ChromeDriver: chrome on windows (630ad0f14493e7eb2a368c75af323c86)] -> xpath: //button[contains(text(),'Continue')]]
2023-12-17 23:12:228 INFO  HomePage :39 - Get welcome to store text[[ChromeDriver: chrome on windows (630ad0f14493e7eb2a368c75af323c86)] -> xpath: //h2[contains(text(),'Welcome to our store')]]
2023-12-17 23:12:812 INFO  HomePage :44 - Hover on electronic[[ChromeDriver: chrome on windows (2e413b036d5915dec4a4d8725fb52ebd)] -> xpath: //a[text()='Electronics ']]
2023-12-17 23:12:963 INFO  HomePage :49 - Click on cell phones[[ChromeDriver: chrome on windows (2e413b036d5915dec4a4d8725fb52ebd)] -> xpath: //ul[1]/li[2]/ul[1]/li[2]/a[1]]
2023-12-17 23:12:807 INFO  CellPhonesPage :50 - Get cell phone text[[ChromeDriver: chrome on windows (2e413b036d5915dec4a4d8725fb52ebd)] -> xpath: //h1[text()='Cell phones']]
2023-12-17 23:12:649 INFO  HomePage :44 - Hover on electronic[[ChromeDriver: chrome on windows (6b272ae902cfb090056022b0cd5b51b2)] -> xpath: //a[text()='Electronics ']]
2023-12-17 23:12:867 INFO  HomePage :49 - Click on cell phones[[ChromeDriver: chrome on windows (6b272ae902cfb090056022b0cd5b51b2)] -> xpath: //ul[1]/li[2]/ul[1]/li[2]/a[1]]
2023-12-17 23:12:352 INFO  CellPhonesPage :50 - Get cell phone text[[ChromeDriver: chrome on windows (6b272ae902cfb090056022b0cd5b51b2)] -> xpath: //h1[text()='Cell phones']]
2023-12-17 23:12:379 INFO  CellPhonesPage :55 - Click on list view tab[[ChromeDriver: chrome on windows (6b272ae902cfb090056022b0cd5b51b2)] -> xpath: //a[contains(text(),'List')]]
2023-12-17 23:12:461 INFO  CellPhonesPage :60 - Click on nokia lumia product[[ChromeDriver: chrome on windows (6b272ae902cfb090056022b0cd5b51b2)] -> xpath: //div[3]/div[1]/div[2]/h2[1]/a]
2023-12-17 23:12:983 INFO  CellPhonesPage :65 - Verify nokia lumia text[[ChromeDriver: chrome on windows (6b272ae902cfb090056022b0cd5b51b2)] -> xpath: //h1[text()='Nokia Lumia 1020']]
2023-12-17 23:12:08 INFO  CellPhonesPage :70 - Verify price[[ChromeDriver: chrome on windows (6b272ae902cfb090056022b0cd5b51b2)] -> id: price-value-20]
2023-12-17 23:12:28 INFO  CellPhonesPage :75 - Change quantity[[ChromeDriver: chrome on windows (6b272ae902cfb090056022b0cd5b51b2)] -> name: addtocart_20.EnteredQuantity]
2023-12-17 23:12:142 INFO  CellPhonesPage :81 - Click on add to cart[[ChromeDriver: chrome on windows (6b272ae902cfb090056022b0cd5b51b2)] -> id: add-to-cart-button-20]
2023-12-17 23:12:507 INFO  CellPhonesPage :86 - Verify product added in shopping cart text[[ChromeDriver: chrome on windows (6b272ae902cfb090056022b0cd5b51b2)] -> xpath: //body/div[@id='bar-notification']/div[1]/p[1]]
2023-12-17 23:12:535 INFO  CellPhonesPage :91 - Click on close button[[ChromeDriver: chrome on windows (6b272ae902cfb090056022b0cd5b51b2)] -> xpath: //span[@title='Close']]
2023-12-17 23:12:589 INFO  CellPhonesPage :96 - Mouse hover on shopping cart[[ChromeDriver: chrome on windows (6b272ae902cfb090056022b0cd5b51b2)] -> xpath: //span[text()='Shopping cart']]
2023-12-17 23:12:604 INFO  CellPhonesPage :97 - Click on go to cart[[ChromeDriver: chrome on windows (6b272ae902cfb090056022b0cd5b51b2)] -> xpath: //button[text()='Go to cart']]
2023-12-17 23:12:84 INFO  CartPage :113 - Verify shopping cart text[[ChromeDriver: chrome on windows (6b272ae902cfb090056022b0cd5b51b2)] -> xpath: //h1[text()='Shopping cart']]
2023-12-17 23:12:118 INFO  CartPage :118 - Verify quantity[[ChromeDriver: chrome on windows (6b272ae902cfb090056022b0cd5b51b2)] -> xpath: //span[contains(text(),'(2)')]]
2023-12-17 23:12:160 INFO  CartPage :123 - Verify total[[ChromeDriver: chrome on windows (6b272ae902cfb090056022b0cd5b51b2)] -> xpath: //tbody/tr[1]/td[6]/span[1]]
2023-12-17 23:12:216 INFO  CartPage :93 - Click on check box[[ChromeDriver: chrome on windows (6b272ae902cfb090056022b0cd5b51b2)] -> xpath: //input[@id='termsofservice']]
2023-12-17 23:12:333 INFO  CartPage :98 - Click on checkout button[[ChromeDriver: chrome on windows (6b272ae902cfb090056022b0cd5b51b2)] -> xpath: //button[@id='checkout']]
2023-12-17 23:12:904 INFO  CartPage :138 - Verify welcome message[[ChromeDriver: chrome on windows (6b272ae902cfb090056022b0cd5b51b2)] -> xpath: //h1[text()='Welcome, Please Sign In!']]
2023-12-17 23:12:944 INFO  CartPage :143 - Click on register tab[[ChromeDriver: chrome on windows (6b272ae902cfb090056022b0cd5b51b2)] -> xpath: //button[text()='Register']]
2023-12-17 23:12:311 INFO  RegisterPage :55 - Verify register text[[ChromeDriver: chrome on windows (6b272ae902cfb090056022b0cd5b51b2)] -> xpath: //h1[text()='Register']]
2023-12-17 23:12:357 INFO  RegisterPage :60 - Click on gender[[ChromeDriver: chrome on windows (6b272ae902cfb090056022b0cd5b51b2)] -> id: gender-male]
2023-12-17 23:12:472 INFO  RegisterPage :62 - Enter first name[[ChromeDriver: chrome on windows (6b272ae902cfb090056022b0cd5b51b2)] -> id: FirstName]
2023-12-17 23:12:567 INFO  RegisterPage :64 - Enter last name[[ChromeDriver: chrome on windows (6b272ae902cfb090056022b0cd5b51b2)] -> id: LastName]
2023-12-17 23:12:733 INFO  RegisterPage :66 - Select day[[ChromeDriver: chrome on windows (6b272ae902cfb090056022b0cd5b51b2)] -> name: DateOfBirthDay]
2023-12-17 23:12:19 INFO  RegisterPage :68 - Select month[[ChromeDriver: chrome on windows (6b272ae902cfb090056022b0cd5b51b2)] -> name: DateOfBirthMonth]
2023-12-17 23:12:233 INFO  RegisterPage :70 - Select year[[ChromeDriver: chrome on windows (6b272ae902cfb090056022b0cd5b51b2)] -> name: DateOfBirthYear]
2023-12-17 23:12:394 INFO  RegisterPage :72 - Enter email[[ChromeDriver: chrome on windows (6b272ae902cfb090056022b0cd5b51b2)] -> id: Email]
2023-12-17 23:12:549 INFO  RegisterPage :74 - Enter password[[ChromeDriver: chrome on windows (6b272ae902cfb090056022b0cd5b51b2)] -> id: Password]
2023-12-17 23:12:684 INFO  RegisterPage :76 - Enter confirm password[[ChromeDriver: chrome on windows (6b272ae902cfb090056022b0cd5b51b2)] -> id: ConfirmPassword]
2023-12-17 23:12:815 INFO  RegisterPage :81 - Click on registration button[[ChromeDriver: chrome on windows (6b272ae902cfb090056022b0cd5b51b2)] -> id: register-button]
2023-12-17 23:12:467 INFO  RegisterPage :86 - Verify registration text[[ChromeDriver: chrome on windows (6b272ae902cfb090056022b0cd5b51b2)] -> xpath: //div[text()='Your registration completed']]
2023-12-17 23:12:505 INFO  RegisterPage :91 - Click on continue tab[[ChromeDriver: chrome on windows (6b272ae902cfb090056022b0cd5b51b2)] -> xpath: //a[text()='Continue']]
2023-12-17 23:12:243 INFO  TopMenuPage :42 - Verify Computer text[[ChromeDriver: chrome on windows (2a56a504a2c3365e1d0e8edd31536c56)] -> xpath: //a[@href='/computers']]
2023-12-17 23:12:185 INFO  TopMenuPage :47 - Verify electronics text[[ChromeDriver: chrome on windows (3d5ac297bbe2dfde0d223d9eb7b59ee9)] -> xpath: //a[@href='/electronics']]
2023-12-17 23:12:250 INFO  TopMenuPage :52 - Verify apparel text[[ChromeDriver: chrome on windows (d288f0c0f12aa4e377add404cb3aebbc)] -> xpath: //a[@href='/apparel']]
2023-12-18 21:12:892 INFO  HomePage :53 - Clicking on Computer [[ChromeDriver: chrome on windows (56296491c814369c36d1ea47b590efa4)] -> xpath: //ul[@class='top-menu notmobile']//a[contains(text(),'Computers')]]<br>
2023-12-18 21:12:938 INFO  ComputerPage :40 - getting computer text  [[ChromeDriver: chrome on windows (56296491c814369c36d1ea47b590efa4)] -> xpath: //h1[contains(text(),'Computers')]]
2023-12-18 21:12:211 INFO  HomePage :53 - Clicking on Computer [[ChromeDriver: chrome on windows (dd425467fcdade8f80126f427f687d9d)] -> xpath: //ul[@class='top-menu notmobile']//a[contains(text(),'Computers')]]<br>
2023-12-18 21:12:233 INFO  ComputerPage :46 - Clicking on Desktop [[ChromeDriver: chrome on windows (dd425467fcdade8f80126f427f687d9d)] -> xpath: //body/div[6]/div[3]/div[1]/div[3]/div[1]/div[2]/div[1]/div[1]/div[1]/div[1]/h2[1]/a[1]]
2023-12-18 21:12:208 INFO  HomePage :53 - Clicking on Computer [[ChromeDriver: chrome on windows (be6fb240783397a126e1e33be17ce8fc)] -> xpath: //ul[@class='top-menu notmobile']//a[contains(text(),'Computers')]]<br>
2023-12-18 21:12:250 INFO  ComputerPage :46 - Clicking on Desktop [[ChromeDriver: chrome on windows (be6fb240783397a126e1e33be17ce8fc)] -> xpath: //body/div[6]/div[3]/div[1]/div[3]/div[1]/div[2]/div[1]/div[1]/div[1]/div[1]/h2[1]/a[1]]
2023-12-18 21:12:134 INFO  BuildYourOwnComputerPage :90 - Enter email 2.2 GHz Intel Pentium Dual-Core E2200 to email field [[ChromeDriver: chrome on windows (be6fb240783397a126e1e33be17ce8fc)] -> xpath: //select[@id='product_attribute_1']]<br>
2023-12-18 21:12:244 INFO  BuildYourOwnComputerPage :96 - Selecting RAM 2 GB from dropdown [[ChromeDriver: chrome on windows (be6fb240783397a126e1e33be17ce8fc)] -> xpath: //select[@name='product_attribute_2']]<br>
2023-12-18 21:12:307 INFO  BuildYourOwnComputerPage :171 - Clicking on Harddrive [[ChromeDriver: chrome on windows (be6fb240783397a126e1e33be17ce8fc)] -> xpath: //input[@id='product_attribute_3_7']]<br>
2023-12-18 21:12:372 INFO  BuildYourOwnComputerPage :108 - Clicking on operating system [[ChromeDriver: chrome on windows (be6fb240783397a126e1e33be17ce8fc)] -> xpath: //input[@name='product_attribute_5' and @value='12']]<br>
2023-12-18 21:12:428 INFO  BuildYourOwnComputerPage :114 - Clicking on software [[ChromeDriver: chrome on windows (be6fb240783397a126e1e33be17ce8fc)] -> xpath: //input[@name='product_attribute_5' and @value='12']]<br>
2023-12-18 21:12:463 INFO  BuildYourOwnComputerPage :84 - Clicking on addtocart [[ChromeDriver: chrome on windows (be6fb240783397a126e1e33be17ce8fc)] -> xpath: //input[@name='product_attribute_5' and @value='12']]
2023-12-18 21:12:69 INFO  HomePage :53 - Clicking on Computer [[ChromeDriver: chrome on windows (32cdf0e0882e10c1b102b9aaf23d5f5e)] -> xpath: //ul[@class='top-menu notmobile']//a[contains(text(),'Computers')]]<br>
2023-12-18 21:12:94 INFO  ComputerPage :46 - Clicking on Desktop [[ChromeDriver: chrome on windows (32cdf0e0882e10c1b102b9aaf23d5f5e)] -> xpath: //body/div[6]/div[3]/div[1]/div[3]/div[1]/div[2]/div[1]/div[1]/div[1]/div[1]/h2[1]/a[1]]
2023-12-18 21:12:902 INFO  BuildYourOwnComputerPage :90 - Enter email 2.5 GHz Intel Pentium Dual-Core E2200 [+$15.00] to email field [[ChromeDriver: chrome on windows (32cdf0e0882e10c1b102b9aaf23d5f5e)] -> xpath: //select[@id='product_attribute_1']]<br>
2023-12-18 21:12:986 INFO  BuildYourOwnComputerPage :96 - Selecting RAM 4GB [+$20.00] from dropdown [[ChromeDriver: chrome on windows (32cdf0e0882e10c1b102b9aaf23d5f5e)] -> xpath: //select[@name='product_attribute_2']]<br>
2023-12-18 21:12:63 INFO  BuildYourOwnComputerPage :171 - Clicking on Harddrive [[ChromeDriver: chrome on windows (32cdf0e0882e10c1b102b9aaf23d5f5e)] -> xpath: //input[@id='product_attribute_3_7']]<br>
2023-12-18 21:12:128 INFO  BuildYourOwnComputerPage :108 - Clicking on operating system [[ChromeDriver: chrome on windows (32cdf0e0882e10c1b102b9aaf23d5f5e)] -> xpath: //input[@name='product_attribute_5' and @value='12']]<br>
2023-12-18 21:12:187 INFO  BuildYourOwnComputerPage :114 - Clicking on software [[ChromeDriver: chrome on windows (32cdf0e0882e10c1b102b9aaf23d5f5e)] -> xpath: //input[@name='product_attribute_5' and @value='12']]<br>
2023-12-18 21:12:203 INFO  BuildYourOwnComputerPage :84 - Clicking on addtocart [[ChromeDriver: chrome on windows (32cdf0e0882e10c1b102b9aaf23d5f5e)] -> xpath: //input[@name='product_attribute_5' and @value='12']]
2023-12-18 21:12:390 INFO  HomePage :53 - Clicking on Computer [[ChromeDriver: chrome on windows (d7b9af46281cc9147168fc657c5515a9)] -> xpath: //ul[@class='top-menu notmobile']//a[contains(text(),'Computers')]]<br>
2023-12-18 21:12:433 INFO  ComputerPage :46 - Clicking on Desktop [[ChromeDriver: chrome on windows (d7b9af46281cc9147168fc657c5515a9)] -> xpath: //body/div[6]/div[3]/div[1]/div[3]/div[1]/div[2]/div[1]/div[1]/div[1]/div[1]/h2[1]/a[1]]
2023-12-18 21:12:191 INFO  BuildYourOwnComputerPage :90 - Enter email 2.5 GHz Intel Pentium Dual-Core E2200 [+$15.00] to email field [[ChromeDriver: chrome on windows (d7b9af46281cc9147168fc657c5515a9)] -> xpath: //select[@id='product_attribute_1']]<br>
2023-12-18 21:12:278 INFO  BuildYourOwnComputerPage :96 - Selecting RAM 8GB [+$60.00] from dropdown [[ChromeDriver: chrome on windows (d7b9af46281cc9147168fc657c5515a9)] -> xpath: //select[@name='product_attribute_2']]<br>
2023-12-18 21:12:329 INFO  BuildYourOwnComputerPage :171 - Clicking on Harddrive [[ChromeDriver: chrome on windows (d7b9af46281cc9147168fc657c5515a9)] -> xpath: //input[@id='product_attribute_3_7']]<br>
2023-12-18 21:12:367 INFO  BuildYourOwnComputerPage :108 - Clicking on operating system [[ChromeDriver: chrome on windows (d7b9af46281cc9147168fc657c5515a9)] -> xpath: //input[@name='product_attribute_5' and @value='12']]<br>
2023-12-18 21:12:406 INFO  BuildYourOwnComputerPage :114 - Clicking on software [[ChromeDriver: chrome on windows (d7b9af46281cc9147168fc657c5515a9)] -> xpath: //input[@name='product_attribute_5' and @value='12']]<br>
2023-12-18 21:12:419 INFO  BuildYourOwnComputerPage :84 - Clicking on addtocart [[ChromeDriver: chrome on windows (d7b9af46281cc9147168fc657c5515a9)] -> xpath: //input[@name='product_attribute_5' and @value='12']]
2023-12-18 21:12:930 INFO  HomePage :41 - Clicking on login [[ChromeDriver: chrome on windows (3e058bce611b5955ec969eb1d076c5c0)] -> xpath: //a[contains(text(),'Log in')]]<br>
2023-12-18 21:12:946 INFO  LoginPage :73 - getting Welcome text from [[ChromeDriver: chrome on windows (3e058bce611b5955ec969eb1d076c5c0)] -> xpath: //h1[contains(text(),'Welcome, Please Sign In!')]]
2023-12-18 21:12:947 INFO  LoginPage :74 - getting error message text from [[ChromeDriver: chrome on windows (3e058bce611b5955ec969eb1d076c5c0)] -> xpath: //h1[contains(text(),'Welcome, Please Sign In!')]]
2023-12-18 21:12:371 INFO  HomePage :41 - Clicking on login [[ChromeDriver: chrome on windows (dbd5de2df4bd2d95edb15c4466d51cbd)] -> xpath: //a[contains(text(),'Log in')]]<br>
2023-12-18 21:12:386 INFO  LoginPage :73 - getting Welcome text from [[ChromeDriver: chrome on windows (dbd5de2df4bd2d95edb15c4466d51cbd)] -> xpath: //h1[contains(text(),'Welcome, Please Sign In!')]]
2023-12-18 21:12:387 INFO  LoginPage :74 - getting error message text from [[ChromeDriver: chrome on windows (dbd5de2df4bd2d95edb15c4466d51cbd)] -> xpath: //h1[contains(text(),'Welcome, Please Sign In!')]]
2023-12-18 21:12:483 INFO  LoginPage :52 - Enter email hellokaku@gmail.com to email field [[ChromeDriver: chrome on windows (dbd5de2df4bd2d95edb15c4466d51cbd)] -> xpath: //input[@id='Email']]
2023-12-18 21:12:540 INFO  LoginPage :57 - Enter password : 654321 to email field [[ChromeDriver: chrome on windows (dbd5de2df4bd2d95edb15c4466d51cbd)] -> xpath: //input[@id='Password']]
2023-12-18 21:12:818 INFO  LoginPage :62 - Clicking on login [[ChromeDriver: chrome on windows (dbd5de2df4bd2d95edb15c4466d51cbd)] -> xpath: //button[contains(text(),'Log in')]]
2023-12-18 21:12:836 INFO  LoginPage :46 - getting error message text from [[ChromeDriver: chrome on windows (dbd5de2df4bd2d95edb15c4466d51cbd)] -> xpath: //h1[contains(text(),'Welcome, Please Sign In!')]]
2023-12-18 21:12:871 INFO  LoginPage :67 - getting Login text from [[ChromeDriver: chrome on windows (dbd5de2df4bd2d95edb15c4466d51cbd)] -> xpath: //div[@class='message-error validation-summary-errors']]
2023-12-18 21:12:965 INFO  HomePage :41 - Clicking on login [[ChromeDriver: chrome on windows (0984fe2e50ba455c85462f69bea60d18)] -> xpath: //a[contains(text(),'Log in')]]<br>
2023-12-18 21:12:991 INFO  LoginPage :73 - getting Welcome text from [[ChromeDriver: chrome on windows (0984fe2e50ba455c85462f69bea60d18)] -> xpath: //h1[contains(text(),'Welcome, Please Sign In!')]]
2023-12-18 21:12:992 INFO  LoginPage :74 - getting error message text from [[ChromeDriver: chrome on windows (0984fe2e50ba455c85462f69bea60d18)] -> xpath: //h1[contains(text(),'Welcome, Please Sign In!')]]
2023-12-18 21:12:90 INFO  LoginPage :52 - Enter email hellokaku@gmail.com to email field [[ChromeDriver: chrome on windows (0984fe2e50ba455c85462f69bea60d18)] -> xpath: //input[@id='Email']]
2023-12-18 21:12:142 INFO  LoginPage :57 - Enter password : 123456 to email field [[ChromeDriver: chrome on windows (0984fe2e50ba455c85462f69bea60d18)] -> xpath: //input[@id='Password']]
2023-12-18 21:12:648 INFO  LoginPage :62 - Clicking on login [[ChromeDriver: chrome on windows (0984fe2e50ba455c85462f69bea60d18)] -> xpath: //button[contains(text(),'Log in')]]
2023-12-18 21:12:664 INFO  HomePage :58 - getting Logout text [[ChromeDriver: chrome on windows (0984fe2e50ba455c85462f69bea60d18)] -> xpath: //a[contains(text(),'Log out')]]<br>
2023-12-18 21:12:829 INFO  HomePage :41 - Clicking on login [[ChromeDriver: chrome on windows (3a28617a0a3109aa69bf66ad56e5b191)] -> xpath: //a[contains(text(),'Log in')]]<br>
2023-12-18 21:12:850 INFO  LoginPage :73 - getting Welcome text from [[ChromeDriver: chrome on windows (3a28617a0a3109aa69bf66ad56e5b191)] -> xpath: //h1[contains(text(),'Welcome, Please Sign In!')]]
2023-12-18 21:12:850 INFO  LoginPage :74 - getting error message text from [[ChromeDriver: chrome on windows (3a28617a0a3109aa69bf66ad56e5b191)] -> xpath: //h1[contains(text(),'Welcome, Please Sign In!')]]
2023-12-18 21:12:982 INFO  LoginPage :52 - Enter email hellokaku@gmail.com to email field [[ChromeDriver: chrome on windows (3a28617a0a3109aa69bf66ad56e5b191)] -> xpath: //input[@id='Email']]
2023-12-18 21:12:36 INFO  LoginPage :57 - Enter password : 123456 to email field [[ChromeDriver: chrome on windows (3a28617a0a3109aa69bf66ad56e5b191)] -> xpath: //input[@id='Password']]
2023-12-18 21:12:511 INFO  LoginPage :62 - Clicking on login [[ChromeDriver: chrome on windows (3a28617a0a3109aa69bf66ad56e5b191)] -> xpath: //button[contains(text(),'Log in')]]
2023-12-18 21:12:546 INFO  LoginPage :79 - Clicking on logout Proxy element for: DefaultElementLocator 'By.xpath: //button[contains(text(),'Log in')]'
2023-12-18 21:12:83 INFO  HomePage :47 - Clicking on RegisterLink [[ChromeDriver: chrome on windows (3b63814ed643427ce65cbbb558739f3d)] -> link text: Register]<br>
2023-12-18 21:12:950 INFO  HomePage :47 - Clicking on RegisterLink [[ChromeDriver: chrome on windows (794cbb7d378a170dde93e59bc5b386a0)] -> link text: Register]<br>
2023-12-18 21:12:977 INFO  RegisterPage :184 - Clicking on Register [[ChromeDriver: chrome on windows (794cbb7d378a170dde93e59bc5b386a0)] -> xpath: //button[contains(text(),'Register')]]
2023-12-18 21:12:52 INFO  RegisterPage :121 - getting Lastname  text  [[ChromeDriver: chrome on windows (794cbb7d378a170dde93e59bc5b386a0)] -> xpath: //span[@id='LastName-error']]
2023-12-18 21:12:78 INFO  RegisterPage :127 - getting Email field text  [[ChromeDriver: chrome on windows (794cbb7d378a170dde93e59bc5b386a0)] -> xpath: //span[@id='Email-error']]
2023-12-18 21:12:102 INFO  RegisterPage :133 - getting Password text  [[ChromeDriver: chrome on windows (794cbb7d378a170dde93e59bc5b386a0)] -> xpath: //span[@id='Password-error']]
2023-12-18 21:12:126 INFO  RegisterPage :139 - getting reconfirmation of password text  [[ChromeDriver: chrome on windows (794cbb7d378a170dde93e59bc5b386a0)] -> xpath: //span[@id='Password-error']]
2023-12-18 21:12:654 INFO  HomePage :47 - Clicking on RegisterLink [[ChromeDriver: chrome on windows (4762aef747797d449248a758aea528ce)] -> link text: Register]<br>
2023-12-18 21:12:680 INFO  RegisterPage :108 - Enter emailJaynika to email field [[ChromeDriver: chrome on windows (4762aef747797d449248a758aea528ce)] -> xpath: //input[@id='FirstName']]
2023-12-18 21:12:749 INFO  RegisterPage :145 - Enter lastname Patel to email field [[ChromeDriver: chrome on windows (4762aef747797d449248a758aea528ce)] -> xpath: //input[@id='LastName']]
2023-12-18 21:12:811 INFO  RegisterPage :151 - Selecting date of birth 10 from dropdown [[ChromeDriver: chrome on windows (4762aef747797d449248a758aea528ce)] -> xpath: //body/div[6]/div[3]/div[1]/div[1]/div[1]/div[2]/form[1]/div[1]/div[2]/div[4]/div[1]/select[1]]
2023-12-18 21:12:902 INFO  RegisterPage :156 - Selecting month of birth May from dropdown [[ChromeDriver: chrome on windows (4762aef747797d449248a758aea528ce)] -> xpath: //body/div[6]/div[3]/div[1]/div[1]/div[1]/div[2]/form[1]/div[1]/div[2]/div[4]/div[1]/select[2]]
2023-12-18 21:12:998 INFO  RegisterPage :162 - Selecting year of birth 1986 from dropdown [[ChromeDriver: chrome on windows (4762aef747797d449248a758aea528ce)] -> xpath: //body/div[6]/div[3]/div[1]/div[1]/div[1]/div[2]/form[1]/div[1]/div[2]/div[4]/div[1]/select[3]]
2023-12-18 21:12:73 INFO  RegisterPage :168 - Enter email hellokaku5Gm@gmail.com to email field [[ChromeDriver: chrome on windows (4762aef747797d449248a758aea528ce)] -> xpath: //input[@type='email' and @name='Email']]
2023-12-18 21:12:186 INFO  RegisterPage :174 - Enter password 123456 to email field [[ChromeDriver: chrome on windows (4762aef747797d449248a758aea528ce)] -> xpath: //input[@id='Password']]
2023-12-18 21:12:261 INFO  RegisterPage :179 - Enter confirm password 123456 to email field [[ChromeDriver: chrome on windows (4762aef747797d449248a758aea528ce)] -> xpath: //input[@name='ConfirmPassword']]
2023-12-18 21:12:316 INFO  RegisterPage :184 - Clicking on Register [[ChromeDriver: chrome on windows (4762aef747797d449248a758aea528ce)] -> xpath: //button[contains(text(),'Register')]]
2023-12-18 21:12:831 INFO  RegisterPage :190 - getting registration completed text  [[ChromeDriver: chrome on windows (4762aef747797d449248a758aea528ce)] -> xpath: //div[contains(text(),'Your registration completed')]]<br>
